Sun Oct 21 09:10:29 CEST 2018  [debug] AvalonLogSystem initialized using logfile 'velocity.log'
Sun Oct 21 09:10:29 CEST 2018   [info] ************************************************************** 
Sun Oct 21 09:10:29 CEST 2018   [info] Starting Jakarta Velocity v1.3.1
Sun Oct 21 09:10:29 CEST 2018   [info] RuntimeInstance initializing.
Sun Oct 21 09:10:29 CEST 2018   [info] Default Properties File: org\apache\velocity\runtime\defaults\velocity.properties
Sun Oct 21 09:10:29 CEST 2018   [info] Trying to use logger class org.apache.velocity.runtime.log.AvalonLogSystem
Sun Oct 21 09:10:29 CEST 2018   [info] Using logger class org.apache.velocity.runtime.log.AvalonLogSystem
Sun Oct 21 09:10:29 CEST 2018   [info] Default ResourceManager initializing. (class org.apache.velocity.runtime.resource.ResourceManagerImpl)
Sun Oct 21 09:10:29 CEST 2018   [info] Resource Loader Instantiated: org.apache.velocity.runtime.resource.loader.ClasspathResourceLoader
Sun Oct 21 09:10:29 CEST 2018   [info] ClasspathResourceLoader : initialization starting.
Sun Oct 21 09:10:29 CEST 2018   [info] ClasspathResourceLoader : initialization complete.
Sun Oct 21 09:10:29 CEST 2018   [info] ResourceCache : initialized. (class org.apache.velocity.runtime.resource.ResourceCacheImpl)
Sun Oct 21 09:10:29 CEST 2018   [info] Default ResourceManager initialization complete.
Sun Oct 21 09:10:29 CEST 2018   [info] Loaded System Directive: org.apache.velocity.runtime.directive.Literal
Sun Oct 21 09:10:29 CEST 2018   [info] Loaded System Directive: org.apache.velocity.runtime.directive.Macro
Sun Oct 21 09:10:29 CEST 2018   [info] Loaded System Directive: org.apache.velocity.runtime.directive.Parse
Sun Oct 21 09:10:29 CEST 2018   [info] Loaded System Directive: org.apache.velocity.runtime.directive.Include
Sun Oct 21 09:10:29 CEST 2018   [info] Loaded System Directive: org.apache.velocity.runtime.directive.Foreach
Sun Oct 21 09:10:29 CEST 2018   [info] Created: 20 parsers.
Sun Oct 21 09:10:29 CEST 2018   [info] Velocimacro : initialization starting.
Sun Oct 21 09:10:29 CEST 2018   [info] Velocimacro : adding VMs from VM library template : VM_global_library.vm
Sun Oct 21 09:10:29 CEST 2018  [error] ResourceManager : unable to find resource 'VM_global_library.vm' in any resource loader.
Sun Oct 21 09:10:29 CEST 2018   [info] Velocimacro : error using  VM library template VM_global_library.vm : org.apache.velocity.exception.ResourceNotFoundException: Unable to find resource 'VM_global_library.vm'
Sun Oct 21 09:10:29 CEST 2018   [info] Velocimacro :  VM library template macro registration complete.
Sun Oct 21 09:10:29 CEST 2018   [info] Velocimacro : allowInline = true : VMs can be defined inline in templates
Sun Oct 21 09:10:29 CEST 2018   [info] Velocimacro : allowInlineToOverride = false : VMs defined inline may NOT replace previous VM definitions
Sun Oct 21 09:10:29 CEST 2018   [info] Velocimacro : allowInlineLocal = false : VMs defined inline will be  global in scope if allowed.
Sun Oct 21 09:10:29 CEST 2018   [info] Velocimacro : messages on  : VM system will output logging messages
Sun Oct 21 09:10:29 CEST 2018   [info] Velocimacro : autoload off  : VM system will not automatically reload global library macros
Sun Oct 21 09:10:29 CEST 2018   [info] Velocimacro : initialization complete.
Sun Oct 21 09:10:29 CEST 2018   [info] Velocity successfully started.
Sun Oct 21 09:10:29 CEST 2018   [info] ResourceManager : found procedure.vm with loader org.apache.velocity.runtime.resource.loader.ClasspathResourceLoader
Sun Oct 21 09:10:29 CEST 2018   [info] ResourceManager : found DAO.vm with loader org.apache.velocity.runtime.resource.loader.ClasspathResourceLoader
Sun Oct 21 09:10:29 CEST 2018   [info] ResourceManager : found WrapperCall.vm with loader org.apache.velocity.runtime.resource.loader.ClasspathResourceLoader
